<?xml version="1.0" encoding="UTF-8"?>
<testng-results skipped="0" failed="0" ignored="0" total="1" passed="1">
  <reporter-output>
    <line>
      <![CDATA[Setting up reports and Test is getting ready]]>
    </line>
    <line>
      <![CDATA[Setting done. Test can be started]]>
    </line>
    <line>
      <![CDATA[Trying to start browser and getting application ready]]>
    </line>
    <line>
      <![CDATA[Browser and Application is up and running]]>
    </line>
    <line>
      <![CDATA[Test is about to end]]>
    </line>
    <line>
      <![CDATA[Test completed >>>>  Reports generated]]>
    </line>
  </reporter-output>
  <suite name="Suite" duration-ms="16919" started-at="2020-12-23T18:51:43Z" finished-at="2020-12-23T18:51:59Z">
    <groups>
    </groups>
    <test name="Test" duration-ms="16919" started-at="2020-12-23T18:51:43Z" finished-at="2020-12-23T18:51:59Z">
      <class name="com.learnautomation.testcases.LoginTestCRM">
        <test-method status="PASS" signature="setupSuite()[pri:0, instance:com.learnautomation.testcases.LoginTestCRM@cc285f4]" name="setupSuite" is-config="true" duration-ms="656" started-at="2020-12-24T00:21:42Z" finished-at="2020-12-24T00:21:43Z">
          <reporter-output>
            <line>
              <![CDATA[Setting up reports and Test is getting ready]]>
            </line>
            <line>
              <![CDATA[Setting done. Test can be started]]>
            </line>
          </reporter-output>
        </test-method> <!-- setupSuite -->
        <test-method status="PASS" signature="setup()[pri:0, instance:com.learnautomation.testcases.LoginTestCRM@cc285f4]" name="setup" is-config="true" duration-ms="13087" started-at="2020-12-24T00:21:43Z" finished-at="2020-12-24T00:21:56Z">
          <reporter-output>
            <line>
              <![CDATA[Trying to start browser and getting application ready]]>
            </line>
            <line>
              <![CDATA[Browser and Application is up and running]]>
            </line>
          </reporter-output>
        </test-method> <!-- setup -->
        <test-method status="PASS" signature="loginApp()[pri:1, instance:com.learnautomation.testcases.LoginTestCRM@cc285f4]" name="loginApp" duration-ms="2441" started-at="2020-12-24T00:21:56Z" finished-at="2020-12-24T00:21:58Z">
          <reporter-output>
          </reporter-output>
        </test-method> <!-- loginApp -->
        <test-method status="PASS" signature="tearDownMethod(org.testng.ITestResult)[pri:0, instance:com.learnautomation.testcases.LoginTestCRM@cc285f4]" name="tearDownMethod" is-config="true" duration-ms="640" started-at="2020-12-24T00:21:58Z" finished-at="2020-12-24T00:21:59Z">
          <params>
            <param index="0">
              <value>
                <![CDATA[[TestResult name=loginApp status=SUCCESS method=LoginTestCRM.loginApp()[pri:1, instance:com.learnautomation.testcases.LoginTestCRM@cc285f4] output={null}]]]>
              </value>
            </param>
          </params>
          <reporter-output>
            <line>
              <![CDATA[Test is about to end]]>
            </line>
            <line>
              <![CDATA[Test completed >>>>  Reports generated]]>
            </line>
          </reporter-output>
        </test-method> <!-- tearDownMethod -->
        <test-method status="PASS" signature="tearDown()[pri:0, instance:com.learnautomation.testcases.LoginTestCRM@cc285f4]" name="tearDown" is-config="true" duration-ms="734" started-at="2020-12-24T00:21:59Z" finished-at="2020-12-24T00:21:59Z">
          <reporter-output>
          </reporter-output>
        </test-method> <!-- tearDown -->
      </class> <!-- com.learnautomation.testcases.LoginTestCRM -->
    </test> <!-- Test -->
  </suite> <!-- Suite -->
</testng-results>
