<?xml version="1.0" encoding="UTF-8"?>
<testng-results skipped="0" failed="0" ignored="0" total="1" passed="1">
  <reporter-output>
    <line>
      <![CDATA[Setting up reports and Test is getting ready]]>
    </line>
    <line>
      <![CDATA[Setting done. Test can be started]]>
    </line>
    <line>
      <![CDATA[Trying to start browser and getting application ready]]>
    </line>
    <line>
      <![CDATA[Browser and Application is up and running]]>
    </line>
    <line>
      <![CDATA[Test is about to end]]>
    </line>
    <line>
      <![CDATA[Test completed >>>>  Reports generated]]>
    </line>
  </reporter-output>
  <suite name="Suite" duration-ms="20076" started-at="2020-12-21T01:26:22Z" finished-at="2020-12-21T01:26:42Z">
    <groups>
    </groups>
    <test name="Test" duration-ms="20076" started-at="2020-12-21T01:26:22Z" finished-at="2020-12-21T01:26:42Z">
      <class name="com.learnautomation.testcases.LoginTestCRM">
        <test-method status="PASS" signature="setupSuite()[pri:0, instance:com.learnautomation.testcases.LoginTestCRM@309e345f]" name="setupSuite" is-config="true" duration-ms="580" started-at="2020-12-21T06:56:21Z" finished-at="2020-12-21T06:56:22Z">
          <reporter-output>
            <line>
              <![CDATA[Setting up reports and Test is getting ready]]>
            </line>
            <line>
              <![CDATA[Setting done. Test can be started]]>
            </line>
          </reporter-output>
        </test-method> <!-- setupSuite -->
        <test-method status="PASS" signature="setup()[pri:0, instance:com.learnautomation.testcases.LoginTestCRM@309e345f]" name="setup" is-config="true" duration-ms="14132" started-at="2020-12-21T06:56:22Z" finished-at="2020-12-21T06:56:36Z">
          <reporter-output>
            <line>
              <![CDATA[Trying to start browser and getting application ready]]>
            </line>
            <line>
              <![CDATA[Browser and Application is up and running]]>
            </line>
          </reporter-output>
        </test-method> <!-- setup -->
        <test-method status="PASS" signature="loginApp()[pri:1, instance:com.learnautomation.testcases.LoginTestCRM@309e345f]" name="loginApp" duration-ms="2754" started-at="2020-12-21T06:56:36Z" finished-at="2020-12-21T06:56:39Z">
          <reporter-output>
          </reporter-output>
        </test-method> <!-- loginApp -->
        <test-method status="PASS" signature="tearDownMethod(org.testng.ITestResult)[pri:0, instance:com.learnautomation.testcases.LoginTestCRM@309e345f]" name="tearDownMethod" is-config="true" duration-ms="2009" started-at="2020-12-21T06:56:39Z" finished-at="2020-12-21T06:56:41Z">
          <params>
            <param index="0">
              <value>
                <![CDATA[[TestResult name=loginApp status=SUCCESS method=LoginTestCRM.loginApp()[pri:1, instance:com.learnautomation.testcases.LoginTestCRM@309e345f] output={null}]]]>
              </value>
            </param>
          </params>
          <reporter-output>
            <line>
              <![CDATA[Test is about to end]]>
            </line>
            <line>
              <![CDATA[Test completed >>>>  Reports generated]]>
            </line>
          </reporter-output>
        </test-method> <!-- tearDownMethod -->
        <test-method status="PASS" signature="tearDown()[pri:0, instance:com.learnautomation.testcases.LoginTestCRM@309e345f]" name="tearDown" is-config="true" duration-ms="1132" started-at="2020-12-21T06:56:41Z" finished-at="2020-12-21T06:56:42Z">
          <reporter-output>
          </reporter-output>
        </test-method> <!-- tearDown -->
      </class> <!-- com.learnautomation.testcases.LoginTestCRM -->
    </test> <!-- Test -->
  </suite> <!-- Suite -->
</testng-results>
